<?xml version="1.0" encoding="UTF-8"?>
<testng-results ignored="0" total="1" passed="1" failed="0" skipped="0">
  <reporter-output>
    <line>
      <![CDATA[Browser Launched]]>
    </line>
    <line>
      <![CDATA[maximize the window]]>
    </line>
    <line>
      <![CDATA[Search for stainless work table products]]>
    </line>
    <line>
      <![CDATA[Checking products through pagination]]>
    </line>
    <line>
      <![CDATA[Total number pages - 9]]>
    </line>
    <line>
      <![CDATA[Product titles that does not contain Table]]>
    </line>
    <line>
      <![CDATA[Steelton 30" x 36" 18-Gauge Stainless Steel Equipment Stand with Undershelf and Galvanized Legs]]>
    </line>
    <line>
      <![CDATA[Steelton 30" x 24" 18-Gauge Stainless Steel Equipment Stand with Undershelf and Galvanized Legs]]>
    </line>
    <line>
      <![CDATA[Steelton 30" x 48" 18-Gauge Stainless Steel Equipment Stand with Undershelf and Galvanized Legs]]>
    </line>
    <line>
      <![CDATA[Steelton 30" x 60" 18-Gauge Stainless Steel Equipment Stand with Undershelf and Galvanized Legs]]>
    </line>
    <line>
      <![CDATA[Steelton 30" x 72" 18-Gauge Stainless Steel Equipment Stand with Undershelf and Galvanized Legs]]>
    </line>
    <line>
      <![CDATA[Regency 30" x 48" 16-Gauge Stainless Steel Equipment Stand with Galvanized Undershelf, 10" Plate Shelf, and 10" Stainless Steel Adjustable Work Surface]]>
    </line>
    <line>
      <![CDATA[Regency 24" x 24" 16-Gauge Stainless Steel Equipment Stand with Galvanized Undershelf and 10" Stainless Steel Adjustable Work Surface]]>
    </line>
    <line>
      <![CDATA[Regency 30" x 36" 16-Gauge Stainless Steel Equipment Stand with Galvanized Undershelf and 10" Stainless Steel Adjustable Work Surface]]>
    </line>
    <line>
      <![CDATA[Regency 30" x 36" 16-Gauge Stainless Steel Equipment Stand with Galvanized Undershelf, 10" Plate Shelf, and 10" Stainless Steel Adjustable Work Surface]]>
    </line>
    <line>
      <![CDATA[Metro MS1848-FSFS PrepMate MultiStation with Stainless Steel Shelving - 50" x 19 3/8" x 39 1/8"]]>
    </line>
    <line>
      <![CDATA[Regency 24" x 24" 16-Gauge Stainless Steel Equipment Stand with Galvanized Undershelf, 10" Plate Shelf, and 10" Stainless Steel Adjustable Work Surface]]>
    </line>
    <line>
      <![CDATA[Regency 30" x 48" 16-Gauge Stainless Steel Equipment Stand with Galvanized Undershelf and 10" Stainless Steel Adjustable Work Surface]]>
    </line>
    <line>
      <![CDATA[Product added to the cart:plus
Advance Tabco FLAG-300-X 30" x 30" 16 Gauge Stainless Steel Work Table with 1 1/2" Backsplash and Galvanized Undershelf
ITEM NUMBER
#109FLAG300
$601.65/Each
Login for details]]>
    </line>
    <line>
      <![CDATA[Product removed from the cart]]>
    </line>
  </reporter-output>
  <suite started-at="2022-09-16T20:41:58 EDT" name="Suite" finished-at="2022-09-16T20:42:40 EDT" duration-ms="41563">
    <groups>
    </groups>
    <test started-at="2022-09-16T20:41:58 EDT" name="Test" finished-at="2022-09-16T20:42:40 EDT" duration-ms="41563">
      <class name="com.org.WebstaurantStore.AddProductToCartAndEmptyCart">
        <test-method is-config="true" signature="testSetup()[pri:0, instance:com.org.WebstaurantStore.AddProductToCartAndEmptyCart@57c758ac]" started-at="2022-09-16T20:41:58 EDT" name="testSetup" finished-at="2022-09-16T20:42:00 EDT" duration-ms="1589" status="PASS">
          <reporter-output>
          </reporter-output>
        </test-method> <!-- testSetup -->
        <test-method signature="addProductToCart()[pri:0, instance:com.org.WebstaurantStore.AddProductToCartAndEmptyCart@57c758ac]" started-at="2022-09-16T20:42:00 EDT" name="addProductToCart" finished-at="2022-09-16T20:42:39 EDT" duration-ms="39699" status="PASS">
          <reporter-output>
            <line>
              <![CDATA[Browser Launched]]>
            </line>
            <line>
              <![CDATA[maximize the window]]>
            </line>
            <line>
              <![CDATA[Search for stainless work table products]]>
            </line>
            <line>
              <![CDATA[Checking products through pagination]]>
            </line>
            <line>
              <![CDATA[Total number pages - 9]]>
            </line>
            <line>
              <![CDATA[Product titles that does not contain Table]]>
            </line>
            <line>
              <![CDATA[Steelton 30" x 36" 18-Gauge Stainless Steel Equipment Stand with Undershelf and Galvanized Legs]]>
            </line>
            <line>
              <![CDATA[Steelton 30" x 24" 18-Gauge Stainless Steel Equipment Stand with Undershelf and Galvanized Legs]]>
            </line>
            <line>
              <![CDATA[Steelton 30" x 48" 18-Gauge Stainless Steel Equipment Stand with Undershelf and Galvanized Legs]]>
            </line>
            <line>
              <![CDATA[Steelton 30" x 60" 18-Gauge Stainless Steel Equipment Stand with Undershelf and Galvanized Legs]]>
            </line>
            <line>
              <![CDATA[Steelton 30" x 72" 18-Gauge Stainless Steel Equipment Stand with Undershelf and Galvanized Legs]]>
            </line>
            <line>
              <![CDATA[Regency 30" x 48" 16-Gauge Stainless Steel Equipment Stand with Galvanized Undershelf, 10" Plate Shelf, and 10" Stainless Steel Adjustable Work Surface]]>
            </line>
            <line>
              <![CDATA[Regency 24" x 24" 16-Gauge Stainless Steel Equipment Stand with Galvanized Undershelf and 10" Stainless Steel Adjustable Work Surface]]>
            </line>
            <line>
              <![CDATA[Regency 30" x 36" 16-Gauge Stainless Steel Equipment Stand with Galvanized Undershelf and 10" Stainless Steel Adjustable Work Surface]]>
            </line>
            <line>
              <![CDATA[Regency 30" x 36" 16-Gauge Stainless Steel Equipment Stand with Galvanized Undershelf, 10" Plate Shelf, and 10" Stainless Steel Adjustable Work Surface]]>
            </line>
            <line>
              <![CDATA[Metro MS1848-FSFS PrepMate MultiStation with Stainless Steel Shelving - 50" x 19 3/8" x 39 1/8"]]>
            </line>
            <line>
              <![CDATA[Regency 24" x 24" 16-Gauge Stainless Steel Equipment Stand with Galvanized Undershelf, 10" Plate Shelf, and 10" Stainless Steel Adjustable Work Surface]]>
            </line>
            <line>
              <![CDATA[Regency 30" x 48" 16-Gauge Stainless Steel Equipment Stand with Galvanized Undershelf and 10" Stainless Steel Adjustable Work Surface]]>
            </line>
            <line>
              <![CDATA[Product added to the cart:plus
Advance Tabco FLAG-300-X 30" x 30" 16 Gauge Stainless Steel Work Table with 1 1/2" Backsplash and Galvanized Undershelf
ITEM NUMBER
#109FLAG300
$601.65/Each
Login for details]]>
            </line>
            <line>
              <![CDATA[Product removed from the cart]]>
            </line>
          </reporter-output>
        </test-method> <!-- addProductToCart -->
        <test-method is-config="true" signature="tearDown()[pri:0, instance:com.org.WebstaurantStore.AddProductToCartAndEmptyCart@57c758ac]" started-at="2022-09-16T20:42:39 EDT" name="tearDown" finished-at="2022-09-16T20:42:40 EDT" duration-ms="245" status="PASS">
          <reporter-output>
          </reporter-output>
        </test-method> <!-- tearDown -->
      </class> <!-- com.org.WebstaurantStore.AddProductToCartAndEmptyCart -->
    </test> <!-- Test -->
  </suite> <!-- Suite -->
</testng-results>
