<?xml version="1.0" encoding="UTF-8"?>
<testng-results ignored="0" total="1" passed="0" failed="1" skipped="0">
  <reporter-output>
    <line>
      <![CDATA[Browser Launched]]>
    </line>
    <line>
      <![CDATA[maximize the window]]>
    </line>
    <line>
      <![CDATA[Search for stainless work table products]]>
    </line>
    <line>
      <![CDATA[Checking products through pagination]]>
    </line>
    <line>
      <![CDATA[Total number pages - 9]]>
    </line>
    <line>
      <![CDATA[Product titles that does not contain Table]]>
    </line>
    <line>
      <![CDATA[Steelton 30" x 36" 18-Gauge Stainless Steel Equipment Stand with Undershelf and Galvanized Legs]]>
    </line>
    <line>
      <![CDATA[Steelton 30" x 24" 18-Gauge Stainless Steel Equipment Stand with Undershelf and Galvanized Legs]]>
    </line>
    <line>
      <![CDATA[Steelton 30" x 48" 18-Gauge Stainless Steel Equipment Stand with Undershelf and Galvanized Legs]]>
    </line>
    <line>
      <![CDATA[Steelton 30" x 60" 18-Gauge Stainless Steel Equipment Stand with Undershelf and Galvanized Legs]]>
    </line>
    <line>
      <![CDATA[Steelton 30" x 72" 18-Gauge Stainless Steel Equipment Stand with Undershelf and Galvanized Legs]]>
    </line>
    <line>
      <![CDATA[Regency 30" x 48" 16-Gauge Stainless Steel Equipment Stand with Galvanized Undershelf, 10" Plate Shelf, and 10" Stainless Steel Adjustable Work Surface]]>
    </line>
    <line>
      <![CDATA[Regency 24" x 24" 16-Gauge Stainless Steel Equipment Stand with Galvanized Undershelf and 10" Stainless Steel Adjustable Work Surface]]>
    </line>
    <line>
      <![CDATA[Regency 30" x 36" 16-Gauge Stainless Steel Equipment Stand with Galvanized Undershelf and 10" Stainless Steel Adjustable Work Surface]]>
    </line>
    <line>
      <![CDATA[Regency 30" x 36" 16-Gauge Stainless Steel Equipment Stand with Galvanized Undershelf, 10" Plate Shelf, and 10" Stainless Steel Adjustable Work Surface]]>
    </line>
    <line>
      <![CDATA[Metro MS1848-FSFS PrepMate MultiStation with Stainless Steel Shelving - 50" x 19 3/8" x 39 1/8"]]>
    </line>
    <line>
      <![CDATA[Regency 24" x 24" 16-Gauge Stainless Steel Equipment Stand with Galvanized Undershelf, 10" Plate Shelf, and 10" Stainless Steel Adjustable Work Surface]]>
    </line>
    <line>
      <![CDATA[Regency 30" x 48" 16-Gauge Stainless Steel Equipment Stand with Galvanized Undershelf and 10" Stainless Steel Adjustable Work Surface]]>
    </line>
    <line>
      <![CDATA[Product added to the cart:plus
Advance Tabco FLAG-300-X 30" x 30" 16 Gauge Stainless Steel Work Table with 1 1/2" Backsplash and Galvanized Undershelf
ITEM NUMBER
#109FLAG300
$601.65/Each
Login for details]]>
    </line>
  </reporter-output>
  <suite started-at="2022-09-16T11:31:07 EDT" name="Default suite" finished-at="2022-09-16T11:31:50 EDT" duration-ms="43004">
    <groups>
    </groups>
    <test started-at="2022-09-16T11:31:07 EDT" name="Default test" finished-at="2022-09-16T11:31:50 EDT" duration-ms="43004">
      <class name="com.org.WebstaurantStore.AddProductToCartAndEmptyCart">
        <test-method is-config="true" signature="testSetup()[pri:0, instance:com.org.WebstaurantStore.AddProductToCartAndEmptyCart@293a5bf6]" started-at="2022-09-16T11:31:07 EDT" name="testSetup" finished-at="2022-09-16T11:31:09 EDT" duration-ms="2009" status="PASS">
          <reporter-output>
          </reporter-output>
        </test-method> <!-- testSetup -->
        <test-method signature="addProductToCart()[pri:0, instance:com.org.WebstaurantStore.AddProductToCartAndEmptyCart@293a5bf6]" started-at="2022-09-16T11:31:09 EDT" name="addProductToCart" finished-at="2022-09-16T11:31:50 EDT" duration-ms="40764" status="FAIL">
          <exception class="org.openqa.selenium.NoSuchElementException">
            <message>
              <![CDATA[no such element: Unable to locate element: {"method":"xpath","selector":"//*[@id='watnotif-wrapper']/div/p/div[2]/div[2]/a[1]"}
  (Session info: chrome=105.0.5195.127)
For documentation on this error, please visit: https://selenium.dev/exceptions/#no_such_element
Build info: version: '4.4.0', revision: 'e5c75ed026a'
System info: host: 'LAPTOP-F149G61N', ip: '192.168.4.37', os.name: 'Windows 10', os.arch: 'amd64', os.version: '10.0', java.version: '18.0.2.1'
Driver info: org.openqa.selenium.chrome.ChromeDriver
Command: [0615c54afd8f27f1ffc692e8c2dbcb13, findElement {using=xpath, value=//*[@id='watnotif-wrapper']/div/p/div[2]/div[2]/a[1]}]
Capabilities {acceptInsecureCerts: false, browserName: chrome, browserVersion: 105.0.5195.127, chrome: {chromedriverVersion: 105.0.5195.52 (412c95e51883..., userDataDir: C:\Users\anith\AppData\Loca...}, goog:chromeOptions: {debuggerAddress: localhost:58335}, networkConnectionEnabled: false, pageLoadStrategy: normal, platformName: WINDOWS, proxy: Proxy(), se:cdp: ws://localhost:58335/devtoo..., se:cdpVersion: 105.0.5195.127, setWindowRect: true, strictFileInteractability: false, timeouts: {implicit: 0, pageLoad: 300000, script: 30000}, unhandledPromptBehavior: dismiss and notify, webauthn:extension:credBlob: true, webauthn:extension:largeBlob: true, webauthn:virtualAuthenticators: true}
Session ID: 0615c54afd8f27f1ffc692e8c2dbcb13]]>
            </message>
            <full-stacktrace>
              <![CDATA[org.openqa.selenium.NoSuchElementException: no such element: Unable to locate element: {"method":"xpath","selector":"//*[@id='watnotif-wrapper']/div/p/div[2]/div[2]/a[1]"}
  (Session info: chrome=105.0.5195.127)
For documentation on this error, please visit: https://selenium.dev/exceptions/#no_such_element
Build info: version: '4.4.0', revision: 'e5c75ed026a'
System info: host: 'LAPTOP-F149G61N', ip: '192.168.4.37', os.name: 'Windows 10', os.arch: 'amd64', os.version: '10.0', java.version: '18.0.2.1'
Driver info: org.openqa.selenium.chrome.ChromeDriver
Command: [0615c54afd8f27f1ffc692e8c2dbcb13, findElement {using=xpath, value=//*[@id='watnotif-wrapper']/div/p/div[2]/div[2]/a[1]}]
Capabilities {acceptInsecureCerts: false, browserName: chrome, browserVersion: 105.0.5195.127, chrome: {chromedriverVersion: 105.0.5195.52 (412c95e51883..., userDataDir: C:\Users\anith\AppData\Loca...}, goog:chromeOptions: {debuggerAddress: localhost:58335}, networkConnectionEnabled: false, pageLoadStrategy: normal, platformName: WINDOWS, proxy: Proxy(), se:cdp: ws://localhost:58335/devtoo..., se:cdpVersion: 105.0.5195.127, setWindowRect: true, strictFileInteractability: false, timeouts: {implicit: 0, pageLoad: 300000, script: 30000}, unhandledPromptBehavior: dismiss and notify, webauthn:extension:credBlob: true, webauthn:extension:largeBlob: true, webauthn:virtualAuthenticators: true}
Session ID: 0615c54afd8f27f1ffc692e8c2dbcb13
at java.base/jdk.internal.reflect.DirectConstructorHandleAccessor.newInstance(DirectConstructorHandleAccessor.java:67)
at java.base/java.lang.reflect.Constructor.newInstanceWithCaller(Constructor.java:499)
at java.base/java.lang.reflect.Constructor.newInstance(Constructor.java:483)
at org.openqa.selenium.remote.codec.w3c.W3CHttpResponseCodec.createException(W3CHttpResponseCodec.java:200)
at org.openqa.selenium.remote.codec.w3c.W3CHttpResponseCodec.decode(W3CHttpResponseCodec.java:133)
at org.openqa.selenium.remote.codec.w3c.W3CHttpResponseCodec.decode(W3CHttpResponseCodec.java:53)
at org.openqa.selenium.remote.HttpCommandExecutor.execute(HttpCommandExecutor.java:184)
at org.openqa.selenium.remote.service.DriverCommandExecutor.invokeExecute(DriverCommandExecutor.java:167)
at org.openqa.selenium.remote.service.DriverCommandExecutor.execute(DriverCommandExecutor.java:142)
at org.openqa.selenium.remote.RemoteWebDriver.execute(RemoteWebDriver.java:547)
at org.openqa.selenium.remote.ElementLocation$ElementFinder$2.findElement(ElementLocation.java:162)
at org.openqa.selenium.remote.ElementLocation.findElement(ElementLocation.java:60)
at org.openqa.selenium.remote.RemoteWebDriver.findElement(RemoteWebDriver.java:365)
at org.openqa.selenium.remote.RemoteWebDriver.findElement(RemoteWebDriver.java:357)
at com.org.WebstaurantStore.AddProductToCartAndEmptyCart.addProductToCart(AddProductToCartAndEmptyCart.java:97)
at java.base/jdk.internal.reflect.DirectMethodHandleAccessor.invoke(DirectMethodHandleAccessor.java:104)
at java.base/java.lang.reflect.Method.invoke(Method.java:577)
at org.testng.internal.invokers.MethodInvocationHelper.invokeMethod(MethodInvocationHelper.java:139)
at org.testng.internal.invokers.TestInvoker.invokeMethod(TestInvoker.java:677)
at org.testng.internal.invokers.TestInvoker.invokeTestMethod(TestInvoker.java:221)
at org.testng.internal.invokers.MethodRunner.runInSequence(MethodRunner.java:50)
at org.testng.internal.invokers.TestInvoker$MethodInvocationAgent.invoke(TestInvoker.java:962)
at org.testng.internal.invokers.TestInvoker.invokeTestMethods(TestInvoker.java:194)
at org.testng.internal.invokers.TestMethodWorker.invokeTestMethods(TestMethodWorker.java:148)
at org.testng.internal.invokers.TestMethodWorker.run(TestMethodWorker.java:128)
at java.base/java.util.ArrayList.forEach(ArrayList.java:1511)
at org.testng.TestRunner.privateRun(TestRunner.java:806)
at org.testng.TestRunner.run(TestRunner.java:601)
at org.testng.SuiteRunner.runTest(SuiteRunner.java:433)
at org.testng.SuiteRunner.runSequentially(SuiteRunner.java:427)
at org.testng.SuiteRunner.privateRun(SuiteRunner.java:387)
at org.testng.SuiteRunner.run(SuiteRunner.java:330)
at org.testng.SuiteRunnerWorker.runSuite(SuiteRunnerWorker.java:52)
at org.testng.SuiteRunnerWorker.run(SuiteRunnerWorker.java:95)
at org.testng.TestNG.runSuitesSequentially(TestNG.java:1256)
at org.testng.TestNG.runSuitesLocally(TestNG.java:1176)
at org.testng.TestNG.runSuites(TestNG.java:1099)
at org.testng.TestNG.run(TestNG.java:1067)
at org.testng.remote.AbstractRemoteTestNG.run(AbstractRemoteTestNG.java:115)
at org.testng.remote.RemoteTestNG.initAndRun(RemoteTestNG.java:251)
at org.testng.remote.RemoteTestNG.main(RemoteTestNG.java:77)
]]>
            </full-stacktrace>
          </exception> <!-- org.openqa.selenium.NoSuchElementException -->
          <reporter-output>
            <line>
              <![CDATA[Browser Launched]]>
            </line>
            <line>
              <![CDATA[maximize the window]]>
            </line>
            <line>
              <![CDATA[Search for stainless work table products]]>
            </line>
            <line>
              <![CDATA[Checking products through pagination]]>
            </line>
            <line>
              <![CDATA[Total number pages - 9]]>
            </line>
            <line>
              <![CDATA[Product titles that does not contain Table]]>
            </line>
            <line>
              <![CDATA[Steelton 30" x 36" 18-Gauge Stainless Steel Equipment Stand with Undershelf and Galvanized Legs]]>
            </line>
            <line>
              <![CDATA[Steelton 30" x 24" 18-Gauge Stainless Steel Equipment Stand with Undershelf and Galvanized Legs]]>
            </line>
            <line>
              <![CDATA[Steelton 30" x 48" 18-Gauge Stainless Steel Equipment Stand with Undershelf and Galvanized Legs]]>
            </line>
            <line>
              <![CDATA[Steelton 30" x 60" 18-Gauge Stainless Steel Equipment Stand with Undershelf and Galvanized Legs]]>
            </line>
            <line>
              <![CDATA[Steelton 30" x 72" 18-Gauge Stainless Steel Equipment Stand with Undershelf and Galvanized Legs]]>
            </line>
            <line>
              <![CDATA[Regency 30" x 48" 16-Gauge Stainless Steel Equipment Stand with Galvanized Undershelf, 10" Plate Shelf, and 10" Stainless Steel Adjustable Work Surface]]>
            </line>
            <line>
              <![CDATA[Regency 24" x 24" 16-Gauge Stainless Steel Equipment Stand with Galvanized Undershelf and 10" Stainless Steel Adjustable Work Surface]]>
            </line>
            <line>
              <![CDATA[Regency 30" x 36" 16-Gauge Stainless Steel Equipment Stand with Galvanized Undershelf and 10" Stainless Steel Adjustable Work Surface]]>
            </line>
            <line>
              <![CDATA[Regency 30" x 36" 16-Gauge Stainless Steel Equipment Stand with Galvanized Undershelf, 10" Plate Shelf, and 10" Stainless Steel Adjustable Work Surface]]>
            </line>
            <line>
              <![CDATA[Metro MS1848-FSFS PrepMate MultiStation with Stainless Steel Shelving - 50" x 19 3/8" x 39 1/8"]]>
            </line>
            <line>
              <![CDATA[Regency 24" x 24" 16-Gauge Stainless Steel Equipment Stand with Galvanized Undershelf, 10" Plate Shelf, and 10" Stainless Steel Adjustable Work Surface]]>
            </line>
            <line>
              <![CDATA[Regency 30" x 48" 16-Gauge Stainless Steel Equipment Stand with Galvanized Undershelf and 10" Stainless Steel Adjustable Work Surface]]>
            </line>
            <line>
              <![CDATA[Product added to the cart:plus
Advance Tabco FLAG-300-X 30" x 30" 16 Gauge Stainless Steel Work Table with 1 1/2" Backsplash and Galvanized Undershelf
ITEM NUMBER
#109FLAG300
$601.65/Each
Login for details]]>
            </line>
          </reporter-output>
        </test-method> <!-- addProductToCart -->
        <test-method is-config="true" signature="tearDown()[pri:0, instance:com.org.WebstaurantStore.AddProductToCartAndEmptyCart@293a5bf6]" started-at="2022-09-16T11:31:50 EDT" name="tearDown" finished-at="2022-09-16T11:31:50 EDT" duration-ms="186" status="PASS">
          <reporter-output>
          </reporter-output>
        </test-method> <!-- tearDown -->
      </class> <!-- com.org.WebstaurantStore.AddProductToCartAndEmptyCart -->
    </test> <!-- Default test -->
  </suite> <!-- Default suite -->
</testng-results>
